<?xml version="1.0" encoding="UTF-8"?>
<!-- Generated by org.testng.reporters.JUnitReportReporter -->
<testsuite hostname="DESKTOP-3TF58B1" failures="0" tests="1" name="first.Console" time="0.005" errors="1" timestamp="7 Nov 2019 09:20:11 GMT">
  <testcase classname="first.Console" name="testMethod" time="0.005">
    <error message="session not created: This version of ChromeDriver only supports Chrome version 75
Build info: version: &#039;3.141.59&#039;, revision: &#039;e82be7d358&#039;, time: &#039;2018-11-14T08:25:48&#039;
System info: host: &#039;DESKTOP-3TF58B1&#039;, ip: &#039;192.168.5.133&#039;, os.name: &#039;Windows 10&#039;, os.arch: &#039;amd64&#039;, os.version: &#039;10.0&#039;, java.version: &#039;12.0.1&#039;
Driver info: driver.version: ChromeDriver
remote stacktrace: Backtrace:
	Ordinal0 [0x012D1B23+1448739]
	Ordinal0 [0x01255A11+940561]
	Ordinal0 [0x011E2293+467603]
	Ordinal0 [0x0117F27E+62078]
	Ordinal0 [0x0117BBBD+48061]
	Ordinal0 [0x01198D19+167193]
	Ordinal0 [0x011988ED+166125]
	Ordinal0 [0x01196FFB+159739]
	Ordinal0 [0x011809F6+68086]
	Ordinal0 [0x01181990+72080]
	Ordinal0 [0x01181929+71977]
	GetHandleVerifier [0x01412E4C+1172140]
	GetHandleVerifier [0x0136FE35+504469]
	GetHandleVerifier [0x0136FBD0+503856]
	Ordinal0 [0x012DC9A8+1493416]
	GetHandleVerifier [0x0137060A+506474]
	Ordinal0 [0x01267136+1012022]
	Ordinal0 [0x01266FAF+1011631]
	Ordinal0 [0x0127133B+1053499]
	Ordinal0 [0x012714A3+1053859]
	Ordinal0 [0x012704D5+1049813]
	BaseThreadInitThunk [0x762B0419+25]
	RtlGetAppContainerNamedObjectPath [0x772C662D+237]
	RtlGetAppContainerNamedObjectPath [0x772C65FD+189]
" type="org.openqa.selenium.SessionNotCreatedException">
      <![CDATA[org.openqa.selenium.SessionNotCreatedException: session not created: This version of ChromeDriver only supports Chrome version 75
Build info: version: '3.141.59', revision: 'e82be7d358', time: '2018-11-14T08:25:48'
System info: host: 'DESKTOP-3TF58B1', ip: '192.168.5.133', os.name: 'Windows 10', os.arch: 'amd64', os.version: '10.0', java.version: '12.0.1'
Driver info: driver.version: ChromeDriver
remote stacktrace: Backtrace:
	Ordinal0 [0x012D1B23+1448739]
	Ordinal0 [0x01255A11+940561]
	Ordinal0 [0x011E2293+467603]
	Ordinal0 [0x0117F27E+62078]
	Ordinal0 [0x0117BBBD+48061]
	Ordinal0 [0x01198D19+167193]
	Ordinal0 [0x011988ED+166125]
	Ordinal0 [0x01196FFB+159739]
	Ordinal0 [0x011809F6+68086]
	Ordinal0 [0x01181990+72080]
	Ordinal0 [0x01181929+71977]
	GetHandleVerifier [0x01412E4C+1172140]
	GetHandleVerifier [0x0136FE35+504469]
	GetHandleVerifier [0x0136FBD0+503856]
	Ordinal0 [0x012DC9A8+1493416]
	GetHandleVerifier [0x0137060A+506474]
	Ordinal0 [0x01267136+1012022]
	Ordinal0 [0x01266FAF+1011631]
	Ordinal0 [0x0127133B+1053499]
	Ordinal0 [0x012714A3+1053859]
	Ordinal0 [0x012704D5+1049813]
	BaseThreadInitThunk [0x762B0419+25]
	RtlGetAppContainerNamedObjectPath [0x772C662D+237]
	RtlGetAppContainerNamedObjectPath [0x772C65FD+189]

	at java.base/jdk.internal.reflect.NativeConstructorAccessorImpl.newInstance0(Native Method)
	at java.base/jdk.internal.reflect.NativeConstructorAccessorImpl.newInstance(NativeConstructorAccessorImpl.java:62)
	at java.base/jdk.internal.reflect.DelegatingConstructorAccessorImpl.newInstance(DelegatingConstructorAccessorImpl.java:45)
	at java.base/java.lang.reflect.Constructor.newInstanceWithCaller(Constructor.java:500)
	at java.base/java.lang.reflect.Constructor.newInstance(Constructor.java:481)
	at org.openqa.selenium.remote.W3CHandshakeResponse.lambda$errorHandler$0(W3CHandshakeResponse.java:62)
	at org.openqa.selenium.remote.HandshakeResponse.lambda$getResponseFunction$0(HandshakeResponse.java:30)
	at org.openqa.selenium.remote.ProtocolHandshake.lambda$createSession$0(ProtocolHandshake.java:126)
	at java.base/java.util.stream.ReferencePipeline$3$1.accept(ReferencePipeline.java:195)
	at java.base/java.util.Spliterators$ArraySpliterator.tryAdvance(Spliterators.java:958)
	at java.base/java.util.stream.ReferencePipeline.forEachWithCancel(ReferencePipeline.java:127)
	at java.base/java.util.stream.AbstractPipeline.copyIntoWithCancel(AbstractPipeline.java:502)
	at java.base/java.util.stream.AbstractPipeline.copyInto(AbstractPipeline.java:488)
	at java.base/java.util.stream.AbstractPipeline.wrapAndCopyInto(AbstractPipeline.java:474)
	at java.base/java.util.stream.FindOps$FindOp.evaluateSequential(FindOps.java:150)
	at java.base/java.util.stream.AbstractPipeline.evaluate(AbstractPipeline.java:234)
	at java.base/java.util.stream.ReferencePipeline.findFirst(ReferencePipeline.java:543)
	at org.openqa.selenium.remote.ProtocolHandshake.createSession(ProtocolHandshake.java:128)
	at org.openqa.selenium.remote.ProtocolHandshake.createSession(ProtocolHandshake.java:74)
	at org.openqa.selenium.remote.HttpCommandExecutor.execute(HttpCommandExecutor.java:136)
	at org.openqa.selenium.remote.service.DriverCommandExecutor.execute(DriverCommandExecutor.java:83)
	at org.openqa.selenium.remote.RemoteWebDriver.execute(RemoteWebDriver.java:552)
	at org.openqa.selenium.remote.RemoteWebDriver.startSession(RemoteWebDriver.java:213)
	at org.openqa.selenium.remote.RemoteWebDriver.<init>(RemoteWebDriver.java:131)
	at org.openqa.selenium.chrome.ChromeDriver.<init>(ChromeDriver.java:181)
	at org.openqa.selenium.chrome.ChromeDriver.<init>(ChromeDriver.java:147)
	at first.Console.setUp(Console.java:29)
	at java.base/jdk.internal.reflect.NativeMethodAccessorImpl.invoke0(Native Method)
	at java.base/jdk.internal.reflect.NativeMethodAccessorImpl.invoke(NativeMethodAccessorImpl.java:62)
	at java.base/jdk.internal.reflect.DelegatingMethodAccessorImpl.invoke(DelegatingMethodAccessorImpl.java:43)
	at java.base/java.lang.reflect.Method.invoke(Method.java:567)
	at org.testng.internal.MethodInvocationHelper.invokeMethod(MethodInvocationHelper.java:85)
	at org.testng.internal.Invoker.invokeConfigurationMethod(Invoker.java:510)
	at org.testng.internal.Invoker.invokeConfigurations(Invoker.java:211)
	at org.testng.internal.Invoker.invokeMethod(Invoker.java:585)
	at org.testng.internal.Invoker.invokeTestMethod(Invoker.java:816)
	at org.testng.internal.Invoker.invokeTestMethods(Invoker.java:1124)
	at org.testng.internal.TestMethodWorker.invokeTestMethods(TestMethodWorker.java:125)
	at org.testng.internal.TestMethodWorker.run(TestMethodWorker.java:108)
	at org.testng.TestRunner.privateRun(TestRunner.java:774)
	at org.testng.TestRunner.run(TestRunner.java:624)
	at org.testng.SuiteRunner.runTest(SuiteRunner.java:359)
	at org.testng.SuiteRunner.runSequentially(SuiteRunner.java:354)
	at org.testng.SuiteRunner.privateRun(SuiteRunner.java:312)
	at org.testng.SuiteRunner.run(SuiteRunner.java:261)
	at org.testng.SuiteRunnerWorker.runSuite(SuiteRunnerWorker.java:52)
	at org.testng.SuiteRunnerWorker.run(SuiteRunnerWorker.java:86)
	at org.testng.TestNG.runSuitesSequentially(TestNG.java:1215)
	at org.testng.TestNG.runSuitesLocally(TestNG.java:1140)
	at org.testng.TestNG.run(TestNG.java:1048)
	at org.testng.remote.AbstractRemoteTestNG.run(AbstractRemoteTestNG.java:115)
	at org.testng.remote.RemoteTestNG.initAndRun(RemoteTestNG.java:251)
	at org.testng.remote.RemoteTestNG.main(RemoteTestNG.java:77)
]]>
    </error>
  </testcase> <!-- testMethod -->
</testsuite> <!-- first.Console -->
